<?xml version="1.0" encoding="UTF-8"?>
<!-- Generated by org.testng.reporters.JUnitReportReporter -->
<testsuite hostname="MNoumanKJ" failures="0" tests="3" name="com.guru99.demo.pagestests.LoginPageTest" time="51.213" errors="0" timestamp="2019-11-18T21:32:29 PKT" skipped="0">
  <testcase classname="com.guru99.demo.pagestests.LoginPageTest" name="loginLogoImageTest" time="17.785"/>
  <testcase classname="com.guru99.demo.pagestests.LoginPageTest" name="loginPageTitleTest" time="14.029"/>
  <testcase classname="com.guru99.demo.pagestests.LoginPageTest" name="loginTest" time="19.399"/>
</testsuite> <!-- com.guru99.demo.pagestests.LoginPageTest -->
