<?xml version="1.0" encoding="UTF-8"?>
<!-- Generated by org.testng.reporters.JUnitReportReporter -->
<testsuite hostname="MNoumanKJ" failures="0" tests="3" name="com.guru99.demo.pagestests.LoginPageTest" time="47.832" errors="0" timestamp="2019-11-15T00:02:13 PKT" skipped="0">
  <testcase classname="com.guru99.demo.pagestests.LoginPageTest" name="loginTest" time="19.562"/>
  <testcase classname="com.guru99.demo.pagestests.LoginPageTest" name="loginPageTitleTest" time="15.350"/>
  <testcase classname="com.guru99.demo.pagestests.LoginPageTest" name="loginLogoImageTest" time="12.920"/>
</testsuite> <!-- com.guru99.demo.pagestests.LoginPageTest -->
